Build started 12/15/2015 1:07:58 AM.
     1>Project "C:\Users\Taylor\GitHub\Red_Black_Tree\Red_Black_Tree\Red_Black_Tree.vcxproj" on node 2 (Build target(s)).
     1>ClCompile:
         C:\Program Files (x86)\Microsoft Visual Studio 14.0\VC\bin\CL.exe /c /ZI /nologo /W3 /WX- /sdl /Od /Oy- /D WIN32 /D _DEBUG /D _CONSOLE /D _UNICODE /D UNICODE /Gm /EHsc /RTC1 /MDd /GS /fp:precise /Zc:wchar_t /Zc:forScope /Zc:inline /Fo"Debug\\" /Fd"Debug\vc140.pdb" /Gd /TP /analyze- /errorReport:prompt Red_Black_Tree.cpp
         Red_Black_Tree.cpp
     1>c:\users\taylor\github\red_black_tree\red_black_tree\red_black_tree.cpp(57): warning C4244: 'argument': conversion from 'time_t' to 'unsigned int', possible loss of data
     1>c:\users\taylor\github\red_black_tree\red_black_tree\red_black_tree.cpp(158): warning C4018: '<': signed/unsigned mismatch
     1>c:\users\taylor\github\red_black_tree\red_black_tree\red_black_tree.cpp(175): warning C4018: '<': signed/unsigned mismatch
     1>c:\users\taylor\github\red_black_tree\red_black_tree\red_black_tree.cpp(198): warning C4018: '<': signed/unsigned mismatch
     1>c:\users\taylor\github\red_black_tree\red_black_tree\red_black_tree.cpp(227): warning C4018: '<': signed/unsigned mismatch
     1>c:\users\taylor\github\red_black_tree\red_black_tree\red_black_tree.cpp(227): warning C4018: '>=': signed/unsigned mismatch
     1>c:\users\taylor\github\red_black_tree\red_black_tree\red_black_tree.cpp(231): warning C4018: '>=': signed/unsigned mismatch
     1>c:\users\taylor\github\red_black_tree\red_black_tree\red_black_tree.cpp(231): warning C4018: '<': signed/unsigned mismatch
       Link:
         C:\Program Files (x86)\Microsoft Visual Studio 14.0\VC\bin\link.exe /ERRORREPORT:PROMPT /OUT:"C:\Users\Taylor\GitHub\Red_Black_Tree\Debug\Red_Black_Tree.exe" /INCREMENTAL /NOLOGO kernel32.lib user32.lib gdi32.lib winspool.lib comdlg32.lib advapi32.lib shell32.lib ole32.lib oleaut32.lib uuid.lib odbc32.lib odbccp32.lib /MANIFEST /MANIFESTUAC:"level='asInvoker' uiAccess='false'" /manifest:embed /Debug /PDB:"C:\Users\Taylor\GitHub\Red_Black_Tree\Debug\Red_Black_Tree.pdb" /SUBSYSTEM:CONSOLE /TLBID:1 /DYNAMICBASE /NXCOMPAT /IMPLIB:"C:\Users\Taylor\GitHub\Red_Black_Tree\Debug\Red_Black_Tree.lib" /MACHINE:X86 Debug\Red_Black_Tree.obj
         Debug\stdafx.obj
         Red_Black_Tree.vcxproj -> C:\Users\Taylor\GitHub\Red_Black_Tree\Debug\Red_Black_Tree.exe
     1>Done Building Project "C:\Users\Taylor\GitHub\Red_Black_Tree\Red_Black_Tree\Red_Black_Tree.vcxproj" (Build target(s)).

Build succeeded.

Time Elapsed 00:00:00.85
